<?xml version="1.0" encoding="UTF-8"?>
<!-- Generated by org.testng.reporters.JUnitXMLReporter -->
<testsuite hostname="Snowbell" ignored="0" name="Test" tests="2" failures="1" timestamp="11 Jan 2022 11:29:08 GMT" time="34.488" errors="0">
  <testcase name="launchBrowser" time="34.223" classname="pojo.Parametrization">
    <failure type="java.lang.NullPointerException">
      <![CDATA[java.lang.NullPointerException
	at pojo.Parametrization.launchBrowser(Parametrization.java:39)
... Removed 25 stack frames]]>
    </failure>
  </testcase> <!-- launchBrowser -->
  <testcase name="crm" time="0.002" classname="pojo.Parametrization"/>
</testsuite> <!-- Test -->
